[0.017s] Invoking command in '/home/x/CODE/Inverse_Arm/build/arm_control': CMAKE_PREFIX_PATH=/opt/ros/humble /usr/bin/cmake --build /home/x/CODE/Inverse_Arm/build/arm_control -- -j8 -l8
[0.041s] -- Found ament_cmake: 1.3.11 (/opt/ros/humble/share/ament_cmake/cmake)
[0.138s] -- Found rclcpp: 16.0.12 (/opt/ros/humble/share/rclcpp/cmake)
[0.158s] -- Found rosidl_generator_c: 3.1.6 (/opt/ros/humble/share/rosidl_generator_c/cmake)
[0.159s] -- Found rosidl_adapter: 3.1.6 (/opt/ros/humble/share/rosidl_adapter/cmake)
[0.163s] -- Found rosidl_generator_cpp: 3.1.6 (/opt/ros/humble/share/rosidl_generator_cpp/cmake)
[0.170s] -- Using all available rosidl_typesupport_c: rosidl_typesupport_fastrtps_c;rosidl_typesupport_introspection_c
[0.178s] -- Using all available rosidl_typesupport_cpp: rosidl_typesupport_fastrtps_cpp;rosidl_typesupport_introspection_cpp
[0.199s] -- Found rmw_implementation_cmake: 6.1.2 (/opt/ros/humble/share/rmw_implementation_cmake/cmake)
[0.200s] -- Found rmw_fastrtps_cpp: 6.2.7 (/opt/ros/humble/share/rmw_fastrtps_cpp/cmake)
[0.288s] -- Using RMW implementation 'rmw_fastrtps_cpp' as default
[0.320s] -- Found sensor_msgs: 4.8.0 (/opt/ros/humble/share/sensor_msgs/cmake)
[0.340s] -- Found ament_lint_auto: 0.12.12 (/opt/ros/humble/share/ament_lint_auto/cmake)
[0.391s] -- Added test 'cppcheck' to perform static code analysis on C / C++ code
[0.391s] -- Configured cppcheck include dirs: $<BUILD_INTERFACE:/home/x/CODE/Inverse_Arm/src/arm_control/include>
[0.391s] -- Configured cppcheck exclude dirs and/or files: 
[0.391s] -- Added test 'flake8' to check Python code syntax and style conventions
[0.391s] -- Added test 'lint_cmake' to check CMake code style
[0.392s] -- Added test 'pep257' to check Python code against some of the docstring style conventions in PEP 257
[0.393s] -- Added test 'uncrustify' to check C / C++ code style
[0.393s] -- Configured uncrustify additional arguments: 
[0.393s] -- Added test 'xmllint' to check XML markup files
[0.394s] -- Configuring done
[0.409s] -- Generating done
[0.413s] -- Build files have been written to: /home/x/CODE/Inverse_Arm/build/arm_control
[0.455s] [ 60%] [32mBuilding CXX object CMakeFiles/armcontrol.dir/src/control_node.cpp.o[0m
[0.455s] [ 60%] [32mBuilding CXX object CMakeFiles/inverse_resolse_lib.dir/src/inverse_resolse.cpp.o[0m
[0.455s] [ 60%] [32mBuilding CXX object CMakeFiles/armcontrol.dir/src/inverse_resolse.cpp.o[0m
[0.752s] [01m[K/home/x/CODE/Inverse_Arm/src/arm_control/src/inverse_resolse.cpp:3:10:[m[K [01;31m[Kfatal error: [m[KInverse_Resolse.h: 没有那个文件或目录
[0.752s]     3 | #include [01;31m[K"Inverse_Resolse.h"[m[K
[0.752s]       |          [01;31m[K^~~~~~~~~~~~~~~~~~~[m[K
[0.752s] compilation terminated.
[0.754s] [01m[K/home/x/CODE/Inverse_Arm/src/arm_control/src/inverse_resolse.cpp:3:10:[m[K [01;31m[Kfatal error: [m[KInverse_Resolse.h: 没有那个文件或目录
[0.754s]     3 | #include [01;31m[K"Inverse_Resolse.h"[m[K
[0.754s]       |          [01;31m[K^~~~~~~~~~~~~~~~~~~[m[K
[0.755s] compilation terminated.
[0.758s] gmake[2]: *** [CMakeFiles/armcontrol.dir/build.make:90：CMakeFiles/armcontrol.dir/src/inverse_resolse.cpp.o] 错误 1
[0.758s] gmake[2]: *** 正在等待未完成的任务....
[0.760s] [01m[K/home/x/CODE/Inverse_Arm/src/arm_control/src/control_node.cpp:89:10:[m[K [01;31m[Kfatal error: [m[Krclcpp_components/register_node_macro.hpp: 没有那个文件或目录
[0.760s]    89 | #include [01;31m[K"rclcpp_components/register_node_macro.hpp"[m[K
[0.760s]       |          [01;31m[K^~~~~~~~~~~~~~~~~~~~~~~~~~~~~~~~~~~~~~~~~~~[m[K
[0.760s] compilation terminated.
[0.761s] gmake[2]: *** [CMakeFiles/inverse_resolse_lib.dir/build.make:76：CMakeFiles/inverse_resolse_lib.dir/src/inverse_resolse.cpp.o] 错误 1
[0.761s] gmake[1]: *** [CMakeFiles/Makefile2:165：CMakeFiles/inverse_resolse_lib.dir/all] 错误 2
[0.761s] gmake[1]: *** 正在等待未完成的任务....
[0.767s] gmake[2]: *** [CMakeFiles/armcontrol.dir/build.make:76：CMakeFiles/armcontrol.dir/src/control_node.cpp.o] 错误 1
[0.767s] gmake[1]: *** [CMakeFiles/Makefile2:139：CMakeFiles/armcontrol.dir/all] 错误 2
[0.767s] gmake: *** [Makefile:146：all] 错误 2
[0.771s] Invoked command in '/home/x/CODE/Inverse_Arm/build/arm_control' returned '2': CMAKE_PREFIX_PATH=/opt/ros/humble /usr/bin/cmake --build /home/x/CODE/Inverse_Arm/build/arm_control -- -j8 -l8
