[0.021s] Invoking command in '/home/x/CODE/Inverse_Arm/build/arm_control': CMAKE_PREFIX_PATH=/opt/ros/humble /usr/bin/cmake /home/x/CODE/Inverse_Arm/src/arm_control -DCMAKE_INSTALL_PREFIX=/home/x/CODE/Inverse_Arm/install/arm_control
[0.255s] -- The C compiler identification is GNU 11.4.0
[0.456s] -- The CXX compiler identification is GNU 11.4.0
[0.480s] -- Detecting C compiler ABI info
[0.584s] -- Detecting C compiler ABI info - done
[0.589s] -- Check for working C compiler: /usr/bin/cc - skipped
[0.590s] -- Detecting C compile features
[0.591s] -- Detecting C compile features - done
[0.596s] -- Detecting CXX compiler ABI info
[0.703s] -- Detecting CXX compiler ABI info - done
[0.707s] -- Check for working CXX compiler: /usr/bin/c++ - skipped
[0.707s] -- Detecting CXX compile features
[0.708s] -- Detecting CXX compile features - done
[0.737s] -- Found ament_cmake: 1.3.11 (/opt/ros/humble/share/ament_cmake/cmake)
[0.895s] -- Found Python3: /usr/bin/python3 (found version "3.10.12") found components: Interpreter 
[1.107s] -- Found sensor_msgs: 4.8.0 (/opt/ros/humble/share/sensor_msgs/cmake)
[1.296s] -- Found rosidl_generator_c: 3.1.6 (/opt/ros/humble/share/rosidl_generator_c/cmake)
[1.310s] -- Found rosidl_adapter: 3.1.6 (/opt/ros/humble/share/rosidl_adapter/cmake)
[1.349s] -- Found rosidl_generator_cpp: 3.1.6 (/opt/ros/humble/share/rosidl_generator_cpp/cmake)
[1.412s] -- Using all available rosidl_typesupport_c: rosidl_typesupport_fastrtps_c;rosidl_typesupport_introspection_c
[1.478s] -- Using all available rosidl_typesupport_cpp: rosidl_typesupport_fastrtps_cpp;rosidl_typesupport_introspection_cpp
[1.992s] -- Found rclcpp: 16.0.12 (/opt/ros/humble/share/rclcpp/cmake)
[2.242s] -- Found rmw_implementation_cmake: 6.1.2 (/opt/ros/humble/share/rmw_implementation_cmake/cmake)
[2.254s] -- Found rmw_fastrtps_cpp: 6.2.7 (/opt/ros/humble/share/rmw_fastrtps_cpp/cmake)
[2.405s] -- Found OpenSSL: /usr/lib/x86_64-linux-gnu/libcrypto.so (found version "3.0.2")  
[2.436s] -- Found FastRTPS: /opt/ros/humble/include  
[2.475s] -- Using RMW implementation 'rmw_fastrtps_cpp' as default
[2.493s] -- Looking for pthread.h
[2.587s] -- Looking for pthread.h - found
[2.587s] -- Performing Test CMAKE_HAVE_LIBC_PTHREAD
[2.675s] -- Performing Test CMAKE_HAVE_LIBC_PTHREAD - Success
[2.676s] -- Found Threads: TRUE  
[2.760s] -- Found ament_lint_auto: 0.12.12 (/opt/ros/humble/share/ament_lint_auto/cmake)
[2.847s] -- Added test 'cppcheck' to perform static code analysis on C / C++ code
[2.847s] -- Configured cppcheck include dirs: /home/x/CODE/Inverse_Arm/src/arm_control/include
[2.847s] -- Configured cppcheck exclude dirs and/or files: 
[2.847s] -- Added test 'flake8' to check Python code syntax and style conventions
[2.849s] -- Added test 'lint_cmake' to check CMake code style
[2.851s] -- Added test 'pep257' to check Python code against some of the docstring style conventions in PEP 257
[2.852s] -- Added test 'uncrustify' to check C / C++ code style
[2.852s] -- Configured uncrustify additional arguments: 
[2.853s] -- Added test 'xmllint' to check XML markup files
[2.856s] -- Configuring done
[2.874s] -- Generating done
[2.879s] -- Build files have been written to: /home/x/CODE/Inverse_Arm/build/arm_control
[2.909s] Invoked command in '/home/x/CODE/Inverse_Arm/build/arm_control' returned '0': CMAKE_PREFIX_PATH=/opt/ros/humble /usr/bin/cmake /home/x/CODE/Inverse_Arm/src/arm_control -DCMAKE_INSTALL_PREFIX=/home/x/CODE/Inverse_Arm/install/arm_control
[2.910s] Invoking command in '/home/x/CODE/Inverse_Arm/build/arm_control': CMAKE_PREFIX_PATH=/opt/ros/humble /usr/bin/cmake --build /home/x/CODE/Inverse_Arm/build/arm_control -- -j8 -l8
[2.985s] [ 60%] [32mBuilding CXX object CMakeFiles/armcontrol.dir/src/inverse_resolse.cpp.o[0m
[2.986s] [ 60%] [32mBuilding CXX object CMakeFiles/armcontrol.dir/src/control_node.cpp.o[0m
[2.986s] [ 60%] [32mBuilding CXX object CMakeFiles/inverse_resolse_lib.dir/src/inverse_resolse.cpp.o[0m
[3.012s] [01m[K/home/x/CODE/Inverse_Arm/src/arm_control/src/inverse_resolse.cpp:1:10:[m[K [01;31m[Kfatal error: [m[Karm_control/include/Inverse_Resolse.h: æ²¡æœ‰é‚£ä¸ªæ–‡ä»¶æˆ–ç›®å½•
[3.012s]     1 | #include [01;31m[K"arm_control/include/Inverse_Resolse.h"[m[K
[3.012s]       |          [01;31m[K^~~~~~~~~~~~~~~~~~~~~~~~~~~~~~~~~~~~~~~[m[K
[3.012s] [01m[K/home/x/CODE/Inverse_Arm/src/arm_control/src/inverse_resolse.cpp:1:10:[m[K [01;31m[Kfatal error: [m[Karm_control/include/Inverse_Resolse.h: æ²¡æœ‰é‚£ä¸ªæ–‡ä»¶æˆ–ç›®å½•
[3.012s]     1 | #include [01;31m[K"arm_control/include/Inverse_Resolse.h"[m[K
[3.012s]       |          [01;31m[K^~~~~~~~~~~~~~~~~~~~~~~~~~~~~~~~~~~~~~~[m[K
[3.012s] compilation terminated.
[3.012s] compilation terminated.
[3.012s] [01m[K/home/x/CODE/Inverse_Arm/src/arm_control/src/control_node.cpp:1:10:[m[K [01;31m[Kfatal error: [m[Karm_control/include/Control_Node.h: æ²¡æœ‰é‚£ä¸ªæ–‡ä»¶æˆ–ç›®å½•
[3.012s]     1 | #include [01;31m[K"arm_control/include/Control_Node.h"[m[K
[3.012s]       |          [01;31m[K^~~~~~~~~~~~~~~~~~~~~~~~~~~~~~~~~~~~[m[K
[3.012s] compilation terminated.
[3.013s] gmake[2]: *** [CMakeFiles/armcontrol.dir/build.make:90ï¼šCMakeFiles/armcontrol.dir/src/inverse_resolse.cpp.o] é”™è¯¯ 1
[3.013s] gmake[2]: *** æ­£åœ¨ç­‰å¾…æœªå®Œæˆçš„ä»»åŠ¡....
[3.013s] gmake[2]: *** [CMakeFiles/armcontrol.dir/build.make:76ï¼šCMakeFiles/armcontrol.dir/src/control_node.cpp.o] é”™è¯¯ 1
[3.013s] gmake[2]: *** [CMakeFiles/inverse_resolse_lib.dir/build.make:76ï¼šCMakeFiles/inverse_resolse_lib.dir/src/inverse_resolse.cpp.o] é”™è¯¯ 1
[3.015s] gmake[1]: *** [CMakeFiles/Makefile2:165ï¼šCMakeFiles/inverse_resolse_lib.dir/all] é”™è¯¯ 2
[3.015s] gmake[1]: *** æ­£åœ¨ç­‰å¾…æœªå®Œæˆçš„ä»»åŠ¡....
[3.015s] gmake[1]: *** [CMakeFiles/Makefile2:139ï¼šCMakeFiles/armcontrol.dir/all] é”™è¯¯ 2
[3.015s] gmake: *** [Makefile:146ï¼šall] é”™è¯¯ 2
[3.018s] Invoked command in '/home/x/CODE/Inverse_Arm/build/arm_control' returned '2': CMAKE_PREFIX_PATH=/opt/ros/humble /usr/bin/cmake --build /home/x/CODE/Inverse_Arm/build/arm_control -- -j8 -l8
