[35m[1mConsolidate compiler generated dependencies of target armcontrol[0m
[ 25%] [32mBuilding CXX object CMakeFiles/armcontrol.dir/src/main.cpp.o[0m
[ 50%] [32mBuilding CXX object CMakeFiles/armcontrol.dir/src/control_node.cpp.o[0m
[ 75%] [32mBuilding CXX object CMakeFiles/armcontrol.dir/src/inverse_resolse.cpp.o[0m
In file included from [01m[K/home/x/CODE/Inverse_Arm/src/arm_control/src/control_node.cpp:1[m[K:
[01m[K/home/x/CODE/Inverse_Arm/src/arm_control/include/arm_control/Control_Node.h:18:8:[m[K [01;31m[Kerror: [m[Kredefinition of ‘[01m[Kstruct motionplaning::resolve::DH[m[K’
   18 | struct [01;31m[KDH[m[K
      |        [01;31m[K^~[m[K
In file included from [01m[K/home/x/CODE/Inverse_Arm/src/arm_control/include/arm_control/Control_Node.h:12[m[K,
                 from [01m[K/home/x/CODE/Inverse_Arm/src/arm_control/src/control_node.cpp:1[m[K:
[01m[K/home/x/CODE/Inverse_Arm/src/arm_control/include/arm_control/Inverse_Resolse.h:11:12:[m[K [01;36m[Knote: [m[Kprevious definition of ‘[01m[Kstruct motionplaning::resolve::DH[m[K’
   11 |     struct [01;36m[KDH[m[K
      |            [01;36m[K^~[m[K
In file included from [01m[K/home/x/CODE/Inverse_Arm/src/arm_control/src/main.cpp:1[m[K:
[01m[K/home/x/CODE/Inverse_Arm/src/arm_control/include/arm_control/Control_Node.h:18:8:[m[K [01;31m[Kerror: [m[Kredefinition of ‘[01m[Kstruct motionplaning::resolve::DH[m[K’
   18 | struct [01;31m[KDH[m[K
      |        [01;31m[K^~[m[K
In file included from [01m[K/home/x/CODE/Inverse_Arm/src/arm_control/include/arm_control/Control_Node.h:12[m[K,
                 from [01m[K/home/x/CODE/Inverse_Arm/src/arm_control/src/main.cpp:1[m[K:
[01m[K/home/x/CODE/Inverse_Arm/src/arm_control/include/arm_control/Inverse_Resolse.h:11:12:[m[K [01;36m[Knote: [m[Kprevious definition of ‘[01m[Kstruct motionplaning::resolve::DH[m[K’
   11 |     struct [01;36m[KDH[m[K
      |            [01;36m[K^~[m[K
gmake[2]: *** [CMakeFiles/armcontrol.dir/build.make:76：CMakeFiles/armcontrol.dir/src/main.cpp.o] 错误 1
gmake[2]: *** 正在等待未完成的任务....
gmake[2]: *** [CMakeFiles/armcontrol.dir/build.make:90：CMakeFiles/armcontrol.dir/src/control_node.cpp.o] 错误 1
gmake[1]: *** [CMakeFiles/Makefile2:137：CMakeFiles/armcontrol.dir/all] 错误 2
gmake: *** [Makefile:146：all] 错误 2
