[0.012s] Invoking command in '/home/x/CODE/Inverse_Arm/build/arm_control': CMAKE_PREFIX_PATH=/opt/ros/humble /usr/bin/cmake --build /home/x/CODE/Inverse_Arm/build/arm_control -- -j8 -l8
[0.072s] [35m[1mConsolidate compiler generated dependencies of target armcontrol[0m
[0.099s] [ 25%] [32mBuilding CXX object CMakeFiles/armcontrol.dir/src/main.cpp.o[0m
[0.105s] [ 50%] [32mBuilding CXX object CMakeFiles/armcontrol.dir/src/control_node.cpp.o[0m
[3.440s] In file included from [01m[K/home/x/CODE/Inverse_Arm/src/arm_control/src/main.cpp:1[m[K:
[3.440s] [01m[K/home/x/CODE/Inverse_Arm/src/arm_control/include/arm_control/Control_Node.h:23:8:[m[K [01;31m[Kerror: [m[Kextra qualification ‘[01m[Kmotionplaning::resolve::ArmNode::[m[K’ on member ‘[01m[Kpublish_joint[m[K’ [[01;31m[K]8;;https://gcc.gnu.org/onlinedocs/gcc/Warning-Options.html#index-fpermissive-fpermissive]8;;[m[K]
[3.440s]    23 |   void [01;31m[KArmNode[m[K::publish_joint(const Eigen::Matrix<double,6,1>& q);
[3.440s]       |        [01;31m[K^~~~~~~[m[K
[3.563s] In file included from [01m[K/home/x/CODE/Inverse_Arm/src/arm_control/src/control_node.cpp:1[m[K:
[3.563s] [01m[K/home/x/CODE/Inverse_Arm/src/arm_control/include/arm_control/Control_Node.h:23:8:[m[K [01;31m[Kerror: [m[Kextra qualification ‘[01m[Kmotionplaning::resolve::ArmNode::[m[K’ on member ‘[01m[Kpublish_joint[m[K’ [[01;31m[K]8;;https://gcc.gnu.org/onlinedocs/gcc/Warning-Options.html#index-fpermissive-fpermissive]8;;[m[K]
[3.563s]    23 |   void [01;31m[KArmNode[m[K::publish_joint(const Eigen::Matrix<double,6,1>& q);
[3.563s]       |        [01;31m[K^~~~~~~[m[K
[3.849s] gmake[2]: *** [CMakeFiles/armcontrol.dir/build.make:76：CMakeFiles/armcontrol.dir/src/main.cpp.o] 错误 1
[3.849s] gmake[2]: *** 正在等待未完成的任务....
[4.480s] gmake[2]: *** [CMakeFiles/armcontrol.dir/build.make:90：CMakeFiles/armcontrol.dir/src/control_node.cpp.o] 错误 1
[4.480s] gmake[1]: *** [CMakeFiles/Makefile2:137：CMakeFiles/armcontrol.dir/all] 错误 2
[4.481s] gmake: *** [Makefile:146：all] 错误 2
[4.483s] Invoked command in '/home/x/CODE/Inverse_Arm/build/arm_control' returned '2': CMAKE_PREFIX_PATH=/opt/ros/humble /usr/bin/cmake --build /home/x/CODE/Inverse_Arm/build/arm_control -- -j8 -l8
